TN:
SF:src\router.ts
FN:25,(anonymous_0)
FN:40,(anonymous_1)
FNF:2
FNH:2
FNDA:4,(anonymous_0)
FNDA:5,(anonymous_1)
DA:1,2
DA:2,2
DA:3,2
DA:4,2
DA:6,2
DA:9,2
DA:10,2
DA:16,2
DA:25,4
DA:31,2
DA:40,5
DA:46,2
DA:51,2
DA:57,2
LF:14
LH:14
BRF:0
BRH:0
end_of_record
TN:
SF:src\server.ts
FN:8,connectDB
FN:31,(anonymous_2)
FNF:2
FNH:2
FNDA:3,connectDB
FNDA:1,(anonymous_2)
DA:1,2
DA:2,2
DA:3,2
DA:4,2
DA:8,2
DA:9,3
DA:10,3
DA:11,2
DA:15,1
DA:21,2
DA:24,2
DA:27,2
DA:29,2
DA:31,2
DA:32,1
DA:35,2
LF:16
LH:16
BRF:0
BRH:0
end_of_record
TN:
SF:src\config\db.ts
FNF:0
FNH:0
DA:1,2
DA:2,2
DA:3,2
DA:5,2
DA:13,2
LF:5
LH:5
BRF:0
BRH:0
end_of_record
TN:
SF:src\handlers\product.ts
FN:4,(anonymous_1)
FN:14,(anonymous_2)
FN:33,(anonymous_3)
FN:40,(anonymous_4)
FN:57,(anonymous_5)
FN:74,(anonymous_6)
FNF:6
FNH:6
FNDA:2,(anonymous_1)
FNDA:2,(anonymous_2)
FNDA:1,(anonymous_3)
FNDA:2,(anonymous_4)
FNDA:2,(anonymous_5)
FNDA:2,(anonymous_6)
DA:2,2
DA:4,2
DA:5,2
DA:11,2
DA:14,2
DA:15,2
DA:17,2
DA:19,2
DA:20,1
DA:23,1
DA:26,1
DA:33,2
DA:34,1
DA:36,1
DA:40,2
DA:41,2
DA:43,2
DA:45,2
DA:46,1
DA:49,1
DA:52,1
DA:53,1
DA:54,1
DA:57,2
DA:58,2
DA:60,2
DA:62,2
DA:63,1
DA:66,1
DA:69,1
DA:70,1
DA:71,1
DA:74,2
DA:75,2
DA:77,2
DA:79,2
DA:80,1
DA:83,1
DA:86,1
DA:89,1
LF:40
LH:40
BRDA:19,0,0,1
BRDA:19,0,1,1
BRDA:45,1,0,1
BRDA:45,1,1,1
BRDA:62,2,0,1
BRDA:62,2,1,1
BRDA:79,3,0,1
BRDA:79,3,1,1
BRF:8
BRH:8
end_of_record
TN:
SF:src\middleware\index.ts
FN:4,(anonymous_0)
FNF:1
FNH:1
FNDA:17,(anonymous_0)
DA:2,2
DA:4,2
DA:6,17
DA:7,17
DA:8,8
DA:9,8
DA:12,9
LF:7
LH:7
BRDA:7,0,0,8
BRDA:7,0,1,9
BRF:2
BRH:2
end_of_record
TN:
SF:src\models\Product.model.ts
FNF:0
FNH:0
DA:1,3
DA:9,3
DA:13,3
DA:18,3
DA:24,3
DA:27,3
LF:6
LH:6
BRF:0
BRH:0
end_of_record
